<?xml version="1.0" encoding="UTF-8"?>
<testng-results ignored="0" total="4" passed="3" failed="1" skipped="0">
  <reporter-output>
  </reporter-output>
  <suite started-at="2021-02-21T13:18:18 IST" name="Suite" finished-at="2021-02-21T13:18:58 IST" duration-ms="40492">
    <groups>
    </groups>
    <test started-at="2021-02-21T13:18:18 IST" name="ValidateNavigationBar" finished-at="2021-02-21T13:18:28 IST" duration-ms="9983">
      <class name="pratice.ValidateNavigationBar">
        <test-method is-config="true" signature="initialize()[pri:0, instance:pratice.ValidateNavigationBar@6d6bc158]" started-at="2021-02-21T13:18:18 IST" name="initialize" finished-at="2021-02-21T13:18:28 IST" duration-ms="9812" status="PASS">
          <reporter-output>
          </reporter-output>
        </test-method> <!-- initialize -->
        <test-method signature="validateTitle()[pri:0, instance:pratice.ValidateNavigationBar@6d6bc158]" started-at="2021-02-21T13:18:28 IST" name="validateTitle" finished-at="2021-02-21T13:18:28 IST" duration-ms="68" status="PASS">
          <reporter-output>
          </reporter-output>
        </test-method> <!-- validateTitle -->
        <test-method is-config="true" signature="tearDown()[pri:0, instance:pratice.ValidateNavigationBar@6d6bc158]" started-at="2021-02-21T13:18:28 IST" name="tearDown" finished-at="2021-02-21T13:18:28 IST" duration-ms="67" status="PASS">
          <reporter-output>
          </reporter-output>
        </test-method> <!-- tearDown -->
      </class> <!-- pratice.ValidateNavigationBar -->
    </test> <!-- ValidateNavigationBar -->
    <test started-at="2021-02-21T13:18:28 IST" name="ValidateTitle" finished-at="2021-02-21T13:18:37 IST" duration-ms="9019">
      <class name="pratice.ValidateTitle">
        <test-method is-config="true" signature="initialize()[pri:0, instance:pratice.ValidateTitle@2555fff0]" started-at="2021-02-21T13:18:28 IST" name="initialize" finished-at="2021-02-21T13:18:36 IST" duration-ms="7618" status="PASS">
          <reporter-output>
          </reporter-output>
        </test-method> <!-- initialize -->
        <test-method signature="validateAppTitle()[pri:0, instance:pratice.ValidateTitle@2555fff0]" started-at="2021-02-21T13:18:36 IST" name="validateAppTitle" finished-at="2021-02-21T13:18:36 IST" duration-ms="33" status="FAIL">
          <exception class="java.lang.AssertionError">
            <message>
              <![CDATA[expected:<FEATURED COURSES> but was:<FEATURED COURSES 12345>]]>
            </message>
            <full-stacktrace>
              <![CDATA[java.lang.AssertionError: expected:<FEATURED COURSES> but was:<FEATURED COURSES 12345>
at org.testng.AssertJUnit.assertEquals(AssertJUnit.java:115)
at org.testng.AssertJUnit.assertEquals(AssertJUnit.java:125)
at pratice.ValidateTitle.validateAppTitle(ValidateTitle.java:41)
at java.base/jdk.internal.reflect.NativeMethodAccessorImpl.invoke0(Native Method)
at java.base/jdk.internal.reflect.NativeMethodAccessorImpl.invoke(NativeMethodAccessorImpl.java:64)
at java.base/jdk.internal.reflect.DelegatingMethodAccessorImpl.invoke(DelegatingMethodAccessorImpl.java:43)
at java.base/java.lang.reflect.Method.invoke(Method.java:564)
at org.testng.internal.MethodInvocationHelper.invokeMethod(MethodInvocationHelper.java:132)
at org.testng.internal.TestInvoker.invokeMethod(TestInvoker.java:599)
at org.testng.internal.TestInvoker.invokeTestMethod(TestInvoker.java:174)
at org.testng.internal.MethodRunner.runInSequence(MethodRunner.java:46)
at org.testng.internal.TestInvoker$MethodInvocationAgent.invoke(TestInvoker.java:822)
at org.testng.internal.TestInvoker.invokeTestMethods(TestInvoker.java:147)
at org.testng.internal.TestMethodWorker.invokeTestMethods(TestMethodWorker.java:146)
at org.testng.internal.TestMethodWorker.run(TestMethodWorker.java:128)
at java.base/java.util.ArrayList.forEach(ArrayList.java:1511)
at org.testng.TestRunner.privateRun(TestRunner.java:764)
at org.testng.TestRunner.run(TestRunner.java:585)
at org.testng.SuiteRunner.runTest(SuiteRunner.java:384)
at org.testng.SuiteRunner.runSequentially(SuiteRunner.java:378)
at org.testng.SuiteRunner.privateRun(SuiteRunner.java:337)
at org.testng.SuiteRunner.run(SuiteRunner.java:286)
at org.testng.SuiteRunnerWorker.runSuite(SuiteRunnerWorker.java:53)
at org.testng.SuiteRunnerWorker.run(SuiteRunnerWorker.java:96)
at org.testng.TestNG.runSuitesSequentially(TestNG.java:1218)
at org.testng.TestNG.runSuitesLocally(TestNG.java:1140)
at org.testng.TestNG.runSuites(TestNG.java:1069)
at org.testng.TestNG.run(TestNG.java:1037)
at org.testng.remote.AbstractRemoteTestNG.run(AbstractRemoteTestNG.java:115)
at org.testng.remote.RemoteTestNG.initAndRun(RemoteTestNG.java:251)
at org.testng.remote.RemoteTestNG.main(RemoteTestNG.java:77)
]]>
            </full-stacktrace>
          </exception> <!-- java.lang.AssertionError -->
          <reporter-output>
          </reporter-output>
        </test-method> <!-- validateAppTitle -->
        <test-method is-config="true" signature="tearDown()[pri:0, instance:pratice.ValidateTitle@2555fff0]" started-at="2021-02-21T13:18:37 IST" name="tearDown" finished-at="2021-02-21T13:18:37 IST" duration-ms="56" status="PASS">
          <reporter-output>
          </reporter-output>
        </test-method> <!-- tearDown -->
      </class> <!-- pratice.ValidateTitle -->
    </test> <!-- ValidateTitle -->
    <test started-at="2021-02-21T13:18:37 IST" name="HomeTest" finished-at="2021-02-21T13:18:58 IST" duration-ms="21046">
      <class name="pratice.HomeTest">
        <test-method is-config="true" signature="initialize()[pri:0, instance:pratice.HomeTest@797501a]" started-at="2021-02-21T13:18:37 IST" name="initialize" finished-at="2021-02-21T13:18:40 IST" duration-ms="2910" status="PASS">
          <reporter-output>
          </reporter-output>
        </test-method> <!-- initialize -->
        <test-method signature="basePageNavigation(java.lang.String, java.lang.String, java.lang.String)[pri:0, instance:pratice.HomeTest@797501a]" started-at="2021-02-21T13:18:40 IST" name="basePageNavigation" data-provider="getData" finished-at="2021-02-21T13:18:51 IST" duration-ms="10499" status="PASS">
          <params>
            <param index="0">
              <value>
                <![CDATA[non.restricted@gmail.com]]>
              </value>
            </param>
            <param index="1">
              <value>
                <![CDATA[12345]]>
              </value>
            </param>
            <param index="2">
              <value>
                <![CDATA[Non Restricted User]]>
              </value>
            </param>
          </params>
          <reporter-output>
          </reporter-output>
        </test-method> <!-- basePageNavigation -->
        <test-method signature="basePageNavigation(java.lang.String, java.lang.String, java.lang.String)[pri:0, instance:pratice.HomeTest@797501a]" started-at="2021-02-21T13:18:51 IST" name="basePageNavigation" data-provider="getData" finished-at="2021-02-21T13:18:58 IST" duration-ms="7569" status="PASS">
          <params>
            <param index="0">
              <value>
                <![CDATA[restricted.com]]>
              </value>
            </param>
            <param index="1">
              <value>
                <![CDATA[67854]]>
              </value>
            </param>
            <param index="2">
              <value>
                <![CDATA[Restricted User]]>
              </value>
            </param>
          </params>
          <reporter-output>
          </reporter-output>
        </test-method> <!-- basePageNavigation -->
        <test-method is-config="true" signature="tearDown()[pri:0, instance:pratice.HomeTest@797501a]" started-at="2021-02-21T13:18:58 IST" name="tearDown" finished-at="2021-02-21T13:18:58 IST" duration-ms="59" status="PASS">
          <reporter-output>
          </reporter-output>
        </test-method> <!-- tearDown -->
      </class> <!-- pratice.HomeTest -->
    </test> <!-- HomeTest -->
  </suite> <!-- Suite -->
</testng-results>
